2026-03-10 23:50:20 [error]: Error: Cannot find module 'redis'
Require stack:
- C:\Users\Admin\Desktop\thara-ride\backend\src\config\socket.js
- C:\Users\Admin\Desktop\thara-ride\backend\src\services\ride.service.js
- C:\Users\Admin\Desktop\thara-ride\backend\src\controllers\ride.controller.js
- C:\Users\Admin\Desktop\thara-ride\backend\src\routes\v1\ride.routes.js
- C:\Users\Admin\Desktop\thara-ride\backend\src\app.js
- C:\Users\Admin\Desktop\thara-ride\backend\server.js
    at Function._resolveFilename (node:internal/modules/cjs/loader:1225:15)
    at Function._load (node:internal/modules/cjs/loader:1055:27)
    at TracingChannel.traceSync (node:diagnostics_channel:322:14)
    at wrapModuleLoad (node:internal/modules/cjs/loader:220:24)
    at Module.require (node:internal/modules/cjs/loader:1311:12)
    at require (node:internal/modules/helpers:136:16)
    at Object.<anonymous> (C:\Users\Admin\Desktop\thara-ride\backend\src\config\socket.js:3:26)
    at Module._compile (node:internal/modules/cjs/loader:1554:14)
    at Object..js (node:internal/modules/cjs/loader:1706:10)
    at Module.load (node:internal/modules/cjs/loader:1289:32)
2026-03-11 14:16:06 [error]: ReferenceError: getMe is not defined
    at Object.<anonymous> (C:\Users\Admin\Desktop\thara-ride\backend\src\controllers\auth.controller.js:112:62)
    at Module._compile (node:internal/modules/cjs/loader:1554:14)
    at Object..js (node:internal/modules/cjs/loader:1706:10)
    at Module.load (node:internal/modules/cjs/loader:1289:32)
    at Function._load (node:internal/modules/cjs/loader:1108:12)
    at TracingChannel.traceSync (node:diagnostics_channel:322:14)
    at wrapModuleLoad (node:internal/modules/cjs/loader:220:24)
    at Module.require (node:internal/modules/cjs/loader:1311:12)
    at require (node:internal/modules/helpers:136:16)
    at Object.<anonymous> (C:\Users\Admin\Desktop\thara-ride\backend\src\routes\v1\auth.routes.js:3:24)
2026-03-11 14:16:35 [error]: ReferenceError: getMe is not defined
    at Object.<anonymous> (C:\Users\Admin\Desktop\thara-ride\backend\src\controllers\auth.controller.js:112:62)
    at Module._compile (node:internal/modules/cjs/loader:1554:14)
    at Object..js (node:internal/modules/cjs/loader:1706:10)
    at Module.load (node:internal/modules/cjs/loader:1289:32)
    at Function._load (node:internal/modules/cjs/loader:1108:12)
    at TracingChannel.traceSync (node:diagnostics_channel:322:14)
    at wrapModuleLoad (node:internal/modules/cjs/loader:220:24)
    at Module.require (node:internal/modules/cjs/loader:1311:12)
    at require (node:internal/modules/helpers:136:16)
    at Object.<anonymous> (C:\Users\Admin\Desktop\thara-ride\backend\src\routes\v1\auth.routes.js:3:24)
2026-03-11 14:19:07 [error]: ReferenceError: getMe is not defined
    at Object.<anonymous> (C:\Users\Admin\Desktop\thara-ride\backend\src\controllers\auth.controller.js:112:62)
    at Module._compile (node:internal/modules/cjs/loader:1554:14)
    at Object..js (node:internal/modules/cjs/loader:1706:10)
    at Module.load (node:internal/modules/cjs/loader:1289:32)
    at Function._load (node:internal/modules/cjs/loader:1108:12)
    at TracingChannel.traceSync (node:diagnostics_channel:322:14)
    at wrapModuleLoad (node:internal/modules/cjs/loader:220:24)
    at Module.require (node:internal/modules/cjs/loader:1311:12)
    at require (node:internal/modules/helpers:136:16)
    at Object.<anonymous> (C:\Users\Admin\Desktop\thara-ride\backend\src\routes\v1\auth.routes.js:3:24)
2026-03-11 14:19:27 [error]: Error: Route.put() requires a callback function but got a [object Undefined]
    at Route.<computed> [as put] (C:\Users\Admin\Desktop\thara-ride\backend\node_modules\express\lib\router\route.js:216:15)
    at proto.<computed> [as put] (C:\Users\Admin\Desktop\thara-ride\backend\node_modules\express\lib\router\index.js:521:19)
    at Object.<anonymous> (C:\Users\Admin\Desktop\thara-ride\backend\src\routes\v1\auth.routes.js:12:8)
    at Module._compile (node:internal/modules/cjs/loader:1554:14)
    at Object..js (node:internal/modules/cjs/loader:1706:10)
    at Module.load (node:internal/modules/cjs/loader:1289:32)
    at Function._load (node:internal/modules/cjs/loader:1108:12)
    at TracingChannel.traceSync (node:diagnostics_channel:322:14)
    at wrapModuleLoad (node:internal/modules/cjs/loader:220:24)
    at Module.require (node:internal/modules/cjs/loader:1311:12)
2026-03-11 14:20:00 [error]: Error: Route.put() requires a callback function but got a [object Undefined]
    at Route.<computed> [as put] (C:\Users\Admin\Desktop\thara-ride\backend\node_modules\express\lib\router\route.js:216:15)
    at proto.<computed> [as put] (C:\Users\Admin\Desktop\thara-ride\backend\node_modules\express\lib\router\index.js:521:19)
    at Object.<anonymous> (C:\Users\Admin\Desktop\thara-ride\backend\src\routes\v1\auth.routes.js:12:8)
    at Module._compile (node:internal/modules/cjs/loader:1554:14)
    at Object..js (node:internal/modules/cjs/loader:1706:10)
    at Module.load (node:internal/modules/cjs/loader:1289:32)
    at Function._load (node:internal/modules/cjs/loader:1108:12)
    at TracingChannel.traceSync (node:diagnostics_channel:322:14)
    at wrapModuleLoad (node:internal/modules/cjs/loader:220:24)
    at Module.require (node:internal/modules/cjs/loader:1311:12)
2026-03-11 14:20:26 [error]: Error: Route.put() requires a callback function but got a [object Undefined]
    at Route.<computed> [as put] (C:\Users\Admin\Desktop\thara-ride\backend\node_modules\express\lib\router\route.js:216:15)
    at proto.<computed> [as put] (C:\Users\Admin\Desktop\thara-ride\backend\node_modules\express\lib\router\index.js:521:19)
    at Object.<anonymous> (C:\Users\Admin\Desktop\thara-ride\backend\src\routes\v1\auth.routes.js:12:8)
    at Module._compile (node:internal/modules/cjs/loader:1554:14)
    at Object..js (node:internal/modules/cjs/loader:1706:10)
    at Module.load (node:internal/modules/cjs/loader:1289:32)
    at Function._load (node:internal/modules/cjs/loader:1108:12)
    at TracingChannel.traceSync (node:diagnostics_channel:322:14)
    at wrapModuleLoad (node:internal/modules/cjs/loader:220:24)
    at Module.require (node:internal/modules/cjs/loader:1311:12)
2026-03-11 14:20:49 [error]: Error: Route.put() requires a callback function but got a [object Undefined]
    at Route.<computed> [as put] (C:\Users\Admin\Desktop\thara-ride\backend\node_modules\express\lib\router\route.js:216:15)
    at proto.<computed> [as put] (C:\Users\Admin\Desktop\thara-ride\backend\node_modules\express\lib\router\index.js:521:19)
    at Object.<anonymous> (C:\Users\Admin\Desktop\thara-ride\backend\src\routes\v1\auth.routes.js:12:8)
    at Module._compile (node:internal/modules/cjs/loader:1554:14)
    at Object..js (node:internal/modules/cjs/loader:1706:10)
    at Module.load (node:internal/modules/cjs/loader:1289:32)
    at Function._load (node:internal/modules/cjs/loader:1108:12)
    at TracingChannel.traceSync (node:diagnostics_channel:322:14)
    at wrapModuleLoad (node:internal/modules/cjs/loader:220:24)
    at Module.require (node:internal/modules/cjs/loader:1311:12)
2026-03-11 14:22:47 [error]: Error: Route.put() requires a callback function but got a [object Undefined]
    at Route.<computed> [as put] (C:\Users\Admin\Desktop\thara-ride\backend\node_modules\express\lib\router\route.js:216:15)
    at proto.<computed> [as put] (C:\Users\Admin\Desktop\thara-ride\backend\node_modules\express\lib\router\index.js:521:19)
    at Object.<anonymous> (C:\Users\Admin\Desktop\thara-ride\backend\src\routes\v1\auth.routes.js:12:8)
    at Module._compile (node:internal/modules/cjs/loader:1554:14)
    at Object..js (node:internal/modules/cjs/loader:1706:10)
    at Module.load (node:internal/modules/cjs/loader:1289:32)
    at Function._load (node:internal/modules/cjs/loader:1108:12)
    at TracingChannel.traceSync (node:diagnostics_channel:322:14)
    at wrapModuleLoad (node:internal/modules/cjs/loader:220:24)
    at Module.require (node:internal/modules/cjs/loader:1311:12)
2026-03-11 14:23:54 [error]: Error: Route.put() requires a callback function but got a [object Undefined]
    at Route.<computed> [as put] (C:\Users\Admin\Desktop\thara-ride\backend\node_modules\express\lib\router\route.js:216:15)
    at proto.<computed> [as put] (C:\Users\Admin\Desktop\thara-ride\backend\node_modules\express\lib\router\index.js:521:19)
    at Object.<anonymous> (C:\Users\Admin\Desktop\thara-ride\backend\src\routes\v1\auth.routes.js:12:8)
    at Module._compile (node:internal/modules/cjs/loader:1554:14)
    at Object..js (node:internal/modules/cjs/loader:1706:10)
    at Module.load (node:internal/modules/cjs/loader:1289:32)
    at Function._load (node:internal/modules/cjs/loader:1108:12)
    at TracingChannel.traceSync (node:diagnostics_channel:322:14)
    at wrapModuleLoad (node:internal/modules/cjs/loader:220:24)
    at Module.require (node:internal/modules/cjs/loader:1311:12)
2026-03-11 14:25:18 [error]: Error: Route.put() requires a callback function but got a [object Undefined]
    at Route.<computed> [as put] (C:\Users\Admin\Desktop\thara-ride\backend\node_modules\express\lib\router\route.js:216:15)
    at proto.<computed> [as put] (C:\Users\Admin\Desktop\thara-ride\backend\node_modules\express\lib\router\index.js:521:19)
    at Object.<anonymous> (C:\Users\Admin\Desktop\thara-ride\backend\src\routes\v1\auth.routes.js:16:8)
    at Module._compile (node:internal/modules/cjs/loader:1554:14)
    at Object..js (node:internal/modules/cjs/loader:1706:10)
    at Module.load (node:internal/modules/cjs/loader:1289:32)
    at Function._load (node:internal/modules/cjs/loader:1108:12)
    at TracingChannel.traceSync (node:diagnostics_channel:322:14)
    at wrapModuleLoad (node:internal/modules/cjs/loader:220:24)
    at Module.require (node:internal/modules/cjs/loader:1311:12)
2026-03-11 19:53:47 [error]: ReferenceError: z is not defined
    at Object.<anonymous> (C:\Users\Admin\Desktop\thara-ride\backend\src\middlewares\auth.middleware.js:72:30)
    at Module._compile (node:internal/modules/cjs/loader:1554:14)
    at Object..js (node:internal/modules/cjs/loader:1706:10)
    at Module.load (node:internal/modules/cjs/loader:1289:32)
    at Function._load (node:internal/modules/cjs/loader:1108:12)
    at TracingChannel.traceSync (node:diagnostics_channel:322:14)
    at wrapModuleLoad (node:internal/modules/cjs/loader:220:24)
    at Module.require (node:internal/modules/cjs/loader:1311:12)
    at require (node:internal/modules/helpers:136:16)
    at Object.<anonymous> (C:\Users\Admin\Desktop\thara-ride\backend\src\routes\v1\auth.routes.js:4:22)
2026-03-12 14:55:10 [error]: C:\Users\Admin\Desktop\thara-ride\backend\src\models\User.js:37
const User = mongoose.model('User', userSchema);
^^^^^

SyntaxError: Unexpected token 'const'
    at wrapSafe (node:internal/modules/cjs/loader:1486:18)
    at Module._compile (node:internal/modules/cjs/loader:1528:20)
    at Object..js (node:internal/modules/cjs/loader:1706:10)
    at Module.load (node:internal/modules/cjs/loader:1289:32)
    at Function._load (node:internal/modules/cjs/loader:1108:12)
    at TracingChannel.traceSync (node:diagnostics_channel:322:14)
    at wrapModuleLoad (node:internal/modules/cjs/loader:220:24)
    at Module.require (node:internal/modules/cjs/loader:1311:12)
    at require (node:internal/modules/helpers:136:16)
    at Object.<anonymous> (C:\Users\Admin\Desktop\thara-ride\backend\src\services\auth.service.js:4:16)
2026-03-12 17:52:23 [error]: C:\Users\Admin\Desktop\thara-ride\backend\src\app.js:11
const authRoutes = require('./routes/v1/auth.routes');
^^^^^

SyntaxError: Unexpected token 'const'
    at wrapSafe (node:internal/modules/cjs/loader:1486:18)
    at Module._compile (node:internal/modules/cjs/loader:1528:20)
    at Object..js (node:internal/modules/cjs/loader:1706:10)
    at Module.load (node:internal/modules/cjs/loader:1289:32)
    at Function._load (node:internal/modules/cjs/loader:1108:12)
    at TracingChannel.traceSync (node:diagnostics_channel:322:14)
    at wrapModuleLoad (node:internal/modules/cjs/loader:220:24)
    at Module.require (node:internal/modules/cjs/loader:1311:12)
    at require (node:internal/modules/helpers:136:16)
    at Object.<anonymous> (C:\Users\Admin\Desktop\thara-ride\backend\server.js:4:16)
2026-03-12 17:52:35 [error]: C:\Users\Admin\Desktop\thara-ride\backend\src\app.js:9
const geo
      ^^^

SyntaxError: Missing initializer in const declaration
    at wrapSafe (node:internal/modules/cjs/loader:1486:18)
    at Module._compile (node:internal/modules/cjs/loader:1528:20)
    at Object..js (node:internal/modules/cjs/loader:1706:10)
    at Module.load (node:internal/modules/cjs/loader:1289:32)
    at Function._load (node:internal/modules/cjs/loader:1108:12)
    at TracingChannel.traceSync (node:diagnostics_channel:322:14)
    at wrapModuleLoad (node:internal/modules/cjs/loader:220:24)
    at Module.require (node:internal/modules/cjs/loader:1311:12)
    at require (node:internal/modules/helpers:136:16)
    at Object.<anonymous> (C:\Users\Admin\Desktop\thara-ride\backend\server.js:4:16)
2026-03-12 18:17:03 [error]: Error: Route.post() requires a callback function but got a [object Undefined]
    at Route.<computed> [as post] (C:\Users\Admin\Desktop\thara-ride\backend\node_modules\express\lib\router\route.js:216:15)
    at proto.<computed> [as post] (C:\Users\Admin\Desktop\thara-ride\backend\node_modules\express\lib\router\index.js:521:19)
    at Object.<anonymous> (C:\Users\Admin\Desktop\thara-ride\backend\src\routes\v1\auth.routes.js:9:8)
    at Module._compile (node:internal/modules/cjs/loader:1554:14)
    at Object..js (node:internal/modules/cjs/loader:1706:10)
    at Module.load (node:internal/modules/cjs/loader:1289:32)
    at Function._load (node:internal/modules/cjs/loader:1108:12)
    at TracingChannel.traceSync (node:diagnostics_channel:322:14)
    at wrapModuleLoad (node:internal/modules/cjs/loader:220:24)
    at Module.require (node:internal/modules/cjs/loader:1311:12)
2026-03-12 18:17:23 [error]: Error: Route.post() requires a callback function but got a [object Undefined]
    at Route.<computed> [as post] (C:\Users\Admin\Desktop\thara-ride\backend\node_modules\express\lib\router\route.js:216:15)
    at proto.<computed> [as post] (C:\Users\Admin\Desktop\thara-ride\backend\node_modules\express\lib\router\index.js:521:19)
    at Object.<anonymous> (C:\Users\Admin\Desktop\thara-ride\backend\src\routes\v1\auth.routes.js:9:8)
    at Module._compile (node:internal/modules/cjs/loader:1554:14)
    at Object..js (node:internal/modules/cjs/loader:1706:10)
    at Module.load (node:internal/modules/cjs/loader:1289:32)
    at Function._load (node:internal/modules/cjs/loader:1108:12)
    at TracingChannel.traceSync (node:diagnostics_channel:322:14)
    at wrapModuleLoad (node:internal/modules/cjs/loader:220:24)
    at Module.require (node:internal/modules/cjs/loader:1311:12)
2026-03-12 18:18:08 [error]: Error: Route.post() requires a callback function but got a [object Undefined]
    at Route.<computed> [as post] (C:\Users\Admin\Desktop\thara-ride\backend\node_modules\express\lib\router\route.js:216:15)
    at proto.<computed> [as post] (C:\Users\Admin\Desktop\thara-ride\backend\node_modules\express\lib\router\index.js:521:19)
    at Object.<anonymous> (C:\Users\Admin\Desktop\thara-ride\backend\src\routes\v1\auth.routes.js:9:8)
    at Module._compile (node:internal/modules/cjs/loader:1554:14)
    at Object..js (node:internal/modules/cjs/loader:1706:10)
    at Module.load (node:internal/modules/cjs/loader:1289:32)
    at Function._load (node:internal/modules/cjs/loader:1108:12)
    at TracingChannel.traceSync (node:diagnostics_channel:322:14)
    at wrapModuleLoad (node:internal/modules/cjs/loader:220:24)
    at Module.require (node:internal/modules/cjs/loader:1311:12)
